<?xml version="1.0" encoding="UTF-8"?>
<testng-results ignored="0" total="1" passed="1" failed="0" skipped="0">
  <reporter-output>
  </reporter-output>
  <suite started-at="2021-12-10T17:11:52 IST" name="Default suite" finished-at="2021-12-10T17:11:54 IST" duration-ms="2641">
    <groups>
    </groups>
    <test started-at="2021-12-10T17:11:52 IST" name="Default test" finished-at="2021-12-10T17:11:54 IST" duration-ms="2641">
      <class name="com.authentication.bearerTokenTest">
        <test-method signature="bearer()[pri:0, instance:com.authentication.bearerTokenTest@1cbb87f3]" started-at="2021-12-10T17:11:52 IST" name="bearer" finished-at="2021-12-10T17:11:54 IST" duration-ms="2602" status="PASS">
          <reporter-output>
          </reporter-output>
        </test-method> <!-- bearer -->
      </class> <!-- com.authentication.bearerTokenTest -->
    </test> <!-- Default test -->
  </suite> <!-- Default suite -->
</testng-results>
